Change Component Designator: OldDesignator= NewDesignator=P0
Change Component Designator: OldDesignator= NewDesignator=P1
Change Component Designator: OldDesignator=5V NewDesignator=P2
Change Component Designator: OldDesignator=C0 NewDesignator=C1
Change Component Designator: OldDesignator=C1 NewDesignator=C3
Change Component Designator: OldDesignator=VR? NewDesignator=VR0
Added Component: Designator=C2(LC-0805_C)
Add component. Clean all parameters for all variants
Add component (AddParameter): Name = "ComponentLink1Description"; Value = "供应商链接"; VariantName = "[No Variations]"
Add component (AddParameter): Name = "ComponentLink1URL"; Value = "http://www.szlcsc.com/product/details_50686.html"; VariantName = "[No Variations]"
Add component (AddParameter): Name = "Package"; Value = "0805"; VariantName = "[No Variations]"
Add component (AddParameter): Name = "Supplier"; Value = "LC"; VariantName = "[No Variations]"
Add component (AddParameter): Name = "SuppliersPartNumber"; Value = "C49678"; VariantName = "[No Variations]"
Added Component: Designator=C4(LC-0805_C)
Add component. Clean all parameters for all variants
Add component (AddParameter): Name = "ComponentLink1Description"; Value = "供应商链接"; VariantName = "[No Variations]"
Add component (AddParameter): Name = "ComponentLink1URL"; Value = "http://www.szlcsc.com/product/details_50686.html"; VariantName = "[No Variations]"
Add component (AddParameter): Name = "Package"; Value = "0805"; VariantName = "[No Variations]"
Add component (AddParameter): Name = "Supplier"; Value = "LC"; VariantName = "[No Variations]"
Add component (AddParameter): Name = "SuppliersPartNumber"; Value = "C49678"; VariantName = "[No Variations]"
Added Component: Designator=P3(HDR1X2)
Add component. Clean all parameters for all variants
Add component (AddParameter): Name = "LatestRevisionDate"; Value = "17-Jul-2002"; VariantName = "[No Variations]"
Add component (AddParameter): Name = "LatestRevisionNote"; Value = "Re-released for DXP Platform."; VariantName = "[No Variations]"
Add component (AddParameter): Name = "Publisher"; Value = "Altium Limited"; VariantName = "[No Variations]"
Added Pin To Net: NetName=NetC0_1 Pin=C2-1
Added Pin To Net: NetName=NetC0_2 Pin=C2-2
Added Pin To Net: NetName=NetC0_1 Pin=C4-1
Added Pin To Net: NetName=Net3-3_1 Pin=C4-2
Added Pin To Net: NetName=NetC0_1 Pin=P3-1
Added Pin To Net: NetName=NetC0_1 Pin=P3-2
Change Net Name : Old Net Name=NetC0_1 New Net Name=NetC1_1
Change Net Name : Old Net Name=NetC0_2 New Net Name=NetC1_2
Added Member To Class: ClassName=Sheet1 Member=Component C2 100nF(104) 10% 50V
Added Member To Class: ClassName=Sheet1 Member=Component C4 100nF(104) 10% 50V
Added Member To Class: ClassName=Sheet1 Member=Component P0 Header 4X2
Added Member To Class: ClassName=Sheet1 Member=Component P1 Header 4X2
Added Member To Class: ClassName=Sheet1 Member=Component P3 Header 2
