Added Component: Designator=3.3(HDR1X3)
Add component. Clean all parameters for all variants
Add component (AddParameter): Name = "LatestRevisionDate"; Value = "17-Jul-2002"; VariantName = "[No Variations]"
Add component (AddParameter): Name = "LatestRevisionNote"; Value = "Re-released for DXP Platform."; VariantName = "[No Variations]"
Add component (AddParameter): Name = "Publisher"; Value = "Altium Limited"; VariantName = "[No Variations]"
Added Component: Designator=5v(HDR1X2)
Add component. Clean all parameters for all variants
Add component (AddParameter): Name = "LatestRevisionDate"; Value = "17-Jul-2002"; VariantName = "[No Variations]"
Add component (AddParameter): Name = "LatestRevisionNote"; Value = "Re-released for DXP Platform."; VariantName = "[No Variations]"
Add component (AddParameter): Name = "Publisher"; Value = "Altium Limited"; VariantName = "[No Variations]"
Added Component: Designator=ams(LC-SOT-223)
Add component. Clean all parameters for all variants
Add component (AddParameter): Name = "ComponentLink1Description"; Value = "供应商链接"; VariantName = "[No Variations]"
Add component (AddParameter): Name = "ComponentLink1URL"; Value = "http://www.szlcsc.com/product/details_6652.html"; VariantName = "[No Variations]"
Add component (AddParameter): Name = "Package"; Value = "SOT-223"; VariantName = "[No Variations]"
Add component (AddParameter): Name = "Supplier"; Value = "LC"; VariantName = "[No Variations]"
Add component (AddParameter): Name = "SuppliersPartNumber"; Value = "C6186"; VariantName = "[No Variations]"
Added Component: Designator=C0(LC-0603_C)
Add component. Clean all parameters for all variants
Add component (AddParameter): Name = "ComponentLink1Description"; Value = "供应商链接"; VariantName = "[No Variations]"
Add component (AddParameter): Name = "ComponentLink1URL"; Value = "http://www.szlcsc.com/product/details_20411.html"; VariantName = "[No Variations]"
Add component (AddParameter): Name = "Package"; Value = "0603"; VariantName = "[No Variations]"
Add component (AddParameter): Name = "Supplier"; Value = "LC"; VariantName = "[No Variations]"
Add component (AddParameter): Name = "SuppliersPartNumber"; Value = "C19702"; VariantName = "[No Variations]"
Added Component: Designator=C1(LC-0603_C)
Add component. Clean all parameters for all variants
Add component (AddParameter): Name = "ComponentLink1Description"; Value = "供应商链接"; VariantName = "[No Variations]"
Add component (AddParameter): Name = "ComponentLink1URL"; Value = "http://www.szlcsc.com/product/details_20411.html"; VariantName = "[No Variations]"
Add component (AddParameter): Name = "Package"; Value = "0603"; VariantName = "[No Variations]"
Add component (AddParameter): Name = "Supplier"; Value = "LC"; VariantName = "[No Variations]"
Add component (AddParameter): Name = "SuppliersPartNumber"; Value = "C19702"; VariantName = "[No Variations]"
Added Component: Designator=CON?(MicroUSB)
Add component. Clean all parameters for all variants
Added Component: Designator=deep sleep(HDR1X2)
Add component. Clean all parameters for all variants
Add component (AddParameter): Name = "LatestRevisionDate"; Value = "17-Jul-2002"; VariantName = "[No Variations]"
Add component (AddParameter): Name = "LatestRevisionNote"; Value = "Re-released for DXP Platform."; VariantName = "[No Variations]"
Add component (AddParameter): Name = "Publisher"; Value = "Altium Limited"; VariantName = "[No Variations]"
Added Component: Designator=gnd2(HDR1X3)
Add component. Clean all parameters for all variants
Add component (AddParameter): Name = "LatestRevisionDate"; Value = "17-Jul-2002"; VariantName = "[No Variations]"
Add component (AddParameter): Name = "LatestRevisionNote"; Value = "Re-released for DXP Platform."; VariantName = "[No Variations]"
Add component (AddParameter): Name = "Publisher"; Value = "Altium Limited"; VariantName = "[No Variations]"
Added Component: Designator=gnd(HDR1X2)
Add component. Clean all parameters for all variants
Add component (AddParameter): Name = "LatestRevisionDate"; Value = "17-Jul-2002"; VariantName = "[No Variations]"
Add component (AddParameter): Name = "LatestRevisionNote"; Value = "Re-released for DXP Platform."; VariantName = "[No Variations]"
Add component (AddParameter): Name = "Publisher"; Value = "Altium Limited"; VariantName = "[No Variations]"
Added Component: Designator=P0(HDR1X8)
Add component. Clean all parameters for all variants
Add component (AddParameter): Name = "LatestRevisionDate"; Value = "17-Jul-2002"; VariantName = "[No Variations]"
Add component (AddParameter): Name = "LatestRevisionNote"; Value = "Re-released for DXP Platform."; VariantName = "[No Variations]"
Add component (AddParameter): Name = "Publisher"; Value = "Altium Limited"; VariantName = "[No Variations]"
Added Component: Designator=P1(HDR1X8)
Add component. Clean all parameters for all variants
Add component (AddParameter): Name = "LatestRevisionDate"; Value = "17-Jul-2002"; VariantName = "[No Variations]"
Add component (AddParameter): Name = "LatestRevisionNote"; Value = "Re-released for DXP Platform."; VariantName = "[No Variations]"
Add component (AddParameter): Name = "Publisher"; Value = "Altium Limited"; VariantName = "[No Variations]"
Added Component: Designator=R0(LC-0805_R)
Add component. Clean all parameters for all variants
Add component (AddParameter): Name = "ComponentLink1Description"; Value = "供应商链接"; VariantName = "[No Variations]"
Add component (AddParameter): Name = "ComponentLink1URL"; Value = "http://www.szlcsc.com/product/details_18102.html"; VariantName = "[No Variations]"
Add component (AddParameter): Name = "Package"; Value = "0805"; VariantName = "[No Variations]"
Add component (AddParameter): Name = "Supplier"; Value = "LC"; VariantName = "[No Variations]"
Add component (AddParameter): Name = "SuppliersPartNumber"; Value = "C17414"; VariantName = "[No Variations]"
Added Component: Designator=R1(LC-0805_R)
Add component. Clean all parameters for all variants
Add component (AddParameter): Name = "ComponentLink1Description"; Value = "供应商链接"; VariantName = "[No Variations]"
Add component (AddParameter): Name = "ComponentLink1URL"; Value = "http://www.szlcsc.com/product/details_18102.html"; VariantName = "[No Variations]"
Add component (AddParameter): Name = "Package"; Value = "0805"; VariantName = "[No Variations]"
Add component (AddParameter): Name = "Supplier"; Value = "LC"; VariantName = "[No Variations]"
Add component (AddParameter): Name = "SuppliersPartNumber"; Value = "C17414"; VariantName = "[No Variations]"
Added Component: Designator=R2(LC-0805_R)
Add component. Clean all parameters for all variants
Add component (AddParameter): Name = "ComponentLink1Description"; Value = "供应商链接"; VariantName = "[No Variations]"
Add component (AddParameter): Name = "ComponentLink1URL"; Value = "http://www.szlcsc.com/product/details_18102.html"; VariantName = "[No Variations]"
Add component (AddParameter): Name = "Package"; Value = "0805"; VariantName = "[No Variations]"
Add component (AddParameter): Name = "Supplier"; Value = "LC"; VariantName = "[No Variations]"
Add component (AddParameter): Name = "SuppliersPartNumber"; Value = "C17414"; VariantName = "[No Variations]"
Added Component: Designator=R3(LC-0805_R)
Add component. Clean all parameters for all variants
Add component (AddParameter): Name = "ComponentLink1Description"; Value = "供应商链接"; VariantName = "[No Variations]"
Add component (AddParameter): Name = "ComponentLink1URL"; Value = "http://www.szlcsc.com/product/details_18102.html"; VariantName = "[No Variations]"
Add component (AddParameter): Name = "Package"; Value = "0805"; VariantName = "[No Variations]"
Add component (AddParameter): Name = "Supplier"; Value = "LC"; VariantName = "[No Variations]"
Add component (AddParameter): Name = "SuppliersPartNumber"; Value = "C17414"; VariantName = "[No Variations]"
Added Component: Designator=R4(LC-0805_R)
Add component. Clean all parameters for all variants
Add component (AddParameter): Name = "ComponentLink1Description"; Value = "供应商链接"; VariantName = "[No Variations]"
Add component (AddParameter): Name = "ComponentLink1URL"; Value = "http://www.szlcsc.com/product/details_18102.html"; VariantName = "[No Variations]"
Add component (AddParameter): Name = "Package"; Value = "0805"; VariantName = "[No Variations]"
Add component (AddParameter): Name = "Supplier"; Value = "LC"; VariantName = "[No Variations]"
Add component (AddParameter): Name = "SuppliersPartNumber"; Value = "C17414"; VariantName = "[No Variations]"
Added Pin To Net: NetName=Net3.3_1 Pin=3.3-1
Added Pin To Net: NetName=Net3.3_1 Pin=3.3-2
Added Pin To Net: NetName=Net3.3_1 Pin=3.3-3
Added Pin To Net: NetName=Net5v_1 Pin=5v-1
Added Pin To Net: NetName=Net5v_1 Pin=5v-2
Added Pin To Net: NetName=Netams_1 Pin=ams-1
Added Pin To Net: NetName=Net3.3_1 Pin=ams-2
Added Pin To Net: NetName=Net3.3_1 Pin=ams-2
Added Pin To Net: NetName=Net5v_1 Pin=ams-3
Added Pin To Net: NetName=Netams_1 Pin=C0-1
Added Pin To Net: NetName=Net5v_1 Pin=C0-2
Added Pin To Net: NetName=Netams_1 Pin=C1-1
Added Pin To Net: NetName=Net3.3_1 Pin=C1-2
Added Pin To Net: NetName=Net5v_1 Pin=CON?-1
Added Pin To Net: NetName=Netams_1 Pin=CON?-5
Added Pin To Net: NetName=Netams_1 Pin=CON?-GND
Added Pin To Net: NetName=Netams_1 Pin=CON?-GND
Added Pin To Net: NetName=Netams_1 Pin=CON?-GND
Added Pin To Net: NetName=Netams_1 Pin=CON?-GND
Added Pin To Net: NetName=Netdeep sleep_1 Pin=deep sleep-1
Added Pin To Net: NetName=Netdeep sleep_2 Pin=deep sleep-2
Added Pin To Net: NetName=Netams_1 Pin=gnd2-1
Added Pin To Net: NetName=Netams_1 Pin=gnd2-2
Added Pin To Net: NetName=Netams_1 Pin=gnd2-3
Added Pin To Net: NetName=Netams_1 Pin=gnd-1
Added Pin To Net: NetName=Netams_1 Pin=gnd-2
Added Pin To Net: NetName=Netdeep sleep_1 Pin=P0-1
Added Pin To Net: NetName=NetP0_3 Pin=P0-3
Added Pin To Net: NetName=Netdeep sleep_2 Pin=P0-4
Added Pin To Net: NetName=Net3.3_1 Pin=P0-8
Added Pin To Net: NetName=NetP1_5 Pin=P1-5
Added Pin To Net: NetName=NetP1_6 Pin=P1-6
Added Pin To Net: NetName=NetP1_7 Pin=P1-7
Added Pin To Net: NetName=Netams_1 Pin=P1-8
Added Pin To Net: NetName=NetP0_3 Pin=R0-1
Added Pin To Net: NetName=Net3.3_1 Pin=R0-2
Added Pin To Net: NetName=NetP1_6 Pin=R1-1
Added Pin To Net: NetName=Net3.3_1 Pin=R1-2
Added Pin To Net: NetName=NetP1_5 Pin=R2-1
Added Pin To Net: NetName=Net3.3_1 Pin=R2-2
Added Pin To Net: NetName=NetP1_7 Pin=R3-1
Added Pin To Net: NetName=Netams_1 Pin=R3-2
Added Pin To Net: NetName=Netdeep sleep_1 Pin=R4-1
Added Pin To Net: NetName=Net3.3_1 Pin=R4-2
Added Member To Class: ClassName=Sheet1 Member=Component 3.3 Header 3
Added Member To Class: ClassName=Sheet1 Member=Component 5v Header 2
Added Member To Class: ClassName=Sheet1 Member=Component ams AMS1117-3.3
Added Member To Class: ClassName=Sheet1 Member=Component C0 10uF (106) 10% 10V
Added Member To Class: ClassName=Sheet1 Member=Component C1 10uF (106) 10% 10V
Added Member To Class: ClassName=Sheet1 Member=Component CON? USB_Connector
Added Member To Class: ClassName=Sheet1 Member=Component deep sleep Header 2
Added Member To Class: ClassName=Sheet1 Member=Component gnd2 Header 3
Added Member To Class: ClassName=Sheet1 Member=Component gnd Header 2
Added Member To Class: ClassName=Sheet1 Member=Component P0 Header 8
Added Member To Class: ClassName=Sheet1 Member=Component P1 Header 8
Added Member To Class: ClassName=Sheet1 Member=Component R0 10KΩ (1002) ±1%
Added Member To Class: ClassName=Sheet1 Member=Component R1 10KΩ (1002) ±1%
Added Member To Class: ClassName=Sheet1 Member=Component R2 10KΩ (1002) ±1%
Added Member To Class: ClassName=Sheet1 Member=Component R3 10KΩ (1002) ±1%
Added Member To Class: ClassName=Sheet1 Member=Component R4 10KΩ (1002) ±1%
