Added Component: Designator=deep sleep(HDR1X2)
Add component. Clean all parameters for all variants
Add component (AddParameter): Name = "LatestRevisionDate"; Value = "17-Jul-2002"; VariantName = "[No Variations]"
Add component (AddParameter): Name = "LatestRevisionNote"; Value = "Re-released for DXP Platform."; VariantName = "[No Variations]"
Add component (AddParameter): Name = "Publisher"; Value = "Altium Limited"; VariantName = "[No Variations]"
Added Component: Designator=R4(LC-0805_R)
Add component. Clean all parameters for all variants
Add component (AddParameter): Name = "ComponentLink1Description"; Value = "供应商链接"; VariantName = "[No Variations]"
Add component (AddParameter): Name = "ComponentLink1URL"; Value = "http://www.szlcsc.com/product/details_18102.html"; VariantName = "[No Variations]"
Add component (AddParameter): Name = "Package"; Value = "0805"; VariantName = "[No Variations]"
Add component (AddParameter): Name = "Supplier"; Value = "LC"; VariantName = "[No Variations]"
Add component (AddParameter): Name = "SuppliersPartNumber"; Value = "C17414"; VariantName = "[No Variations]"
Added Pin To Net: NetName=Net3.3_1 Pin=R4-2
Added Pin To Net: NetName=Netdeep sleep_1 Pin=deep sleep-1
Added Pin To Net: NetName=Netdeep sleep_1 Pin=P0-1
Added Pin To Net: NetName=Netdeep sleep_1 Pin=R4-1
Added Net: Name=Netdeep sleep_1
Added Pin To Net: NetName=Netdeep sleep_2 Pin=deep sleep-2
Added Pin To Net: NetName=Netdeep sleep_2 Pin=P0-4
Added Net: Name=Netdeep sleep_2
Added Member To Class: ClassName=Sheet1 Member=Component deep sleep Header 2
Added Member To Class: ClassName=Sheet1 Member=Component R4 10KΩ (1002) ±1%
Added Room: Name=Sheet1
