Change component parameters: Designator = "ams"; Footprint = "LC-SOT-223"; UniqueID = "\ALDEAMUZ"
Change component parameters. Clean all parameters for all variants
Change component parameters (AddParameter): Name = "ComponentLink1Description"; Value = "供应商链接"; VariantName = "[No Variations]"
Change component parameters (AddParameter): Name = "ComponentLink1URL"; Value = "http://www.szlcsc.com/product/details_6652.html"; VariantName = "[No Variations]"
Change component parameters (AddParameter): Name = "Package"; Value = "SOT-223"; VariantName = "[No Variations]"
Change component parameters (AddParameter): Name = "Supplier"; Value = "LC"; VariantName = "[No Variations]"
Change component parameters (AddParameter): Name = "SuppliersPartNumber"; Value = "C6186"; VariantName = "[No Variations]"
Change component parameters: Designator = "C0"; Footprint = "LC-0603_C"; UniqueID = "\XHZUOUML"
Change component parameters. Clean all parameters for all variants
Change component parameters (AddParameter): Name = "ComponentLink1Description"; Value = "供应商链接"; VariantName = "[No Variations]"
Change component parameters (AddParameter): Name = "ComponentLink1URL"; Value = "http://www.szlcsc.com/product/details_20411.html"; VariantName = "[No Variations]"
Change component parameters (AddParameter): Name = "Package"; Value = "0603"; VariantName = "[No Variations]"
Change component parameters (AddParameter): Name = "Supplier"; Value = "LC"; VariantName = "[No Variations]"
Change component parameters (AddParameter): Name = "SuppliersPartNumber"; Value = "C19702"; VariantName = "[No Variations]"
Change component parameters: Designator = "C1"; Footprint = "LC-0603_C"; UniqueID = "\ZFXOYNEH"
Change component parameters. Clean all parameters for all variants
Change component parameters (AddParameter): Name = "ComponentLink1Description"; Value = "供应商链接"; VariantName = "[No Variations]"
Change component parameters (AddParameter): Name = "ComponentLink1URL"; Value = "http://www.szlcsc.com/product/details_20411.html"; VariantName = "[No Variations]"
Change component parameters (AddParameter): Name = "Package"; Value = "0603"; VariantName = "[No Variations]"
Change component parameters (AddParameter): Name = "Supplier"; Value = "LC"; VariantName = "[No Variations]"
Change component parameters (AddParameter): Name = "SuppliersPartNumber"; Value = "C19702"; VariantName = "[No Variations]"
Change component parameters: Designator = "R0"; Footprint = "LC-0805_R"; UniqueID = "\QZDGQPEF"
Change component parameters. Clean all parameters for all variants
Change component parameters (AddParameter): Name = "ComponentLink1Description"; Value = "供应商链接"; VariantName = "[No Variations]"
Change component parameters (AddParameter): Name = "ComponentLink1URL"; Value = "http://www.szlcsc.com/product/details_18102.html"; VariantName = "[No Variations]"
Change component parameters (AddParameter): Name = "Package"; Value = "0805"; VariantName = "[No Variations]"
Change component parameters (AddParameter): Name = "Supplier"; Value = "LC"; VariantName = "[No Variations]"
Change component parameters (AddParameter): Name = "SuppliersPartNumber"; Value = "C17414"; VariantName = "[No Variations]"
Change component parameters: Designator = "R1"; Footprint = "LC-0805_R"; UniqueID = "\XFTCNYQP"
Change component parameters. Clean all parameters for all variants
Change component parameters (AddParameter): Name = "ComponentLink1Description"; Value = "供应商链接"; VariantName = "[No Variations]"
Change component parameters (AddParameter): Name = "ComponentLink1URL"; Value = "http://www.szlcsc.com/product/details_18102.html"; VariantName = "[No Variations]"
Change component parameters (AddParameter): Name = "Package"; Value = "0805"; VariantName = "[No Variations]"
Change component parameters (AddParameter): Name = "Supplier"; Value = "LC"; VariantName = "[No Variations]"
Change component parameters (AddParameter): Name = "SuppliersPartNumber"; Value = "C17414"; VariantName = "[No Variations]"
Change component parameters: Designator = "R2"; Footprint = "LC-0805_R"; UniqueID = "\NAEVSZRL"
Change component parameters. Clean all parameters for all variants
Change component parameters (AddParameter): Name = "ComponentLink1Description"; Value = "供应商链接"; VariantName = "[No Variations]"
Change component parameters (AddParameter): Name = "ComponentLink1URL"; Value = "http://www.szlcsc.com/product/details_18102.html"; VariantName = "[No Variations]"
Change component parameters (AddParameter): Name = "Package"; Value = "0805"; VariantName = "[No Variations]"
Change component parameters (AddParameter): Name = "Supplier"; Value = "LC"; VariantName = "[No Variations]"
Change component parameters (AddParameter): Name = "SuppliersPartNumber"; Value = "C17414"; VariantName = "[No Variations]"
Change component parameters: Designator = "R3"; Footprint = "LC-0805_R"; UniqueID = "\YOYLEWTZ"
Change component parameters. Clean all parameters for all variants
Change component parameters (AddParameter): Name = "ComponentLink1Description"; Value = "供应商链接"; VariantName = "[No Variations]"
Change component parameters (AddParameter): Name = "ComponentLink1URL"; Value = "http://www.szlcsc.com/product/details_18102.html"; VariantName = "[No Variations]"
Change component parameters (AddParameter): Name = "Package"; Value = "0805"; VariantName = "[No Variations]"
Change component parameters (AddParameter): Name = "Supplier"; Value = "LC"; VariantName = "[No Variations]"
Change component parameters (AddParameter): Name = "SuppliersPartNumber"; Value = "C17414"; VariantName = "[No Variations]"
Added Component: Designator=deep sleep(HDR1X2)
Add component. Clean all parameters for all variants
Add component (AddParameter): Name = "LatestRevisionDate"; Value = "17-Jul-2002"; VariantName = "[No Variations]"
Add component (AddParameter): Name = "LatestRevisionNote"; Value = "Re-released for DXP Platform."; VariantName = "[No Variations]"
Add component (AddParameter): Name = "Publisher"; Value = "Altium Limited"; VariantName = "[No Variations]"
Added Component: Designator=R4(LC-0805_R)
Add component. Clean all parameters for all variants
Add component (AddParameter): Name = "ComponentLink1Description"; Value = "供应商链接"; VariantName = "[No Variations]"
Add component (AddParameter): Name = "ComponentLink1URL"; Value = "http://www.szlcsc.com/product/details_18102.html"; VariantName = "[No Variations]"
Add component (AddParameter): Name = "Package"; Value = "0805"; VariantName = "[No Variations]"
Add component (AddParameter): Name = "Supplier"; Value = "LC"; VariantName = "[No Variations]"
Add component (AddParameter): Name = "SuppliersPartNumber"; Value = "C17414"; VariantName = "[No Variations]"
Added Pin To Net: NetName=Net3.3_1 Pin=R4-2
Added Pin To Net: NetName=Netdeep sleep_1 Pin=deep sleep-1
Added Pin To Net: NetName=Netdeep sleep_1 Pin=P0-1
Added Pin To Net: NetName=Netdeep sleep_1 Pin=R4-1
Added Net: Name=Netdeep sleep_1
Added Pin To Net: NetName=Netdeep sleep_2 Pin=deep sleep-2
Added Pin To Net: NetName=Netdeep sleep_2 Pin=P0-4
Added Net: Name=Netdeep sleep_2
Added Member To Class: ClassName=Sheet1 Member=Component 5v Header 2
Added Member To Class: ClassName=Sheet1 Member=Component deep sleep Header 2
Added Member To Class: ClassName=Sheet1 Member=Component R1 10KΩ (1002) ±1%
Added Member To Class: ClassName=Sheet1 Member=Component R4 10KΩ (1002) ±1%
Added Room: Name=Sheet1
