2020/07/30 09:30:58 [main.go:109] [I] Start frpc success
2020/07/30 09:30:59 [control.go:202] [E] ProxyName [TCP_mode], start proxy error, ProxyName [TCP_mode], remote_port [9000] isn't allowed
2020/07/30 09:30:59 [control.go:39] [E] ProxyName [TCP_mode], connect to server failed!
2020/07/30 09:30:59 [control.go:206] [I] ProxyName [HTTP_mode], connect to server [frp.lu8.win:7000] success!
2020/07/30 09:30:59 [control.go:220] [I] Start to send heartbeat to frps
2020/07/30 14:27:18 [main.go:109] [I] Start frpc success
2020/07/30 14:27:20 [control.go:202] [E] ProxyName [TCP_mode], start proxy error, ProxyName [TCP_mode], remote_port [9000] isn't allowed
2020/07/30 14:27:20 [control.go:39] [E] ProxyName [TCP_mode], connect to server failed!
2020/07/30 14:27:22 [control.go:206] [I] ProxyName [HTTP_mode], connect to server [frp.lu8.win:7000] success!
2020/07/30 14:27:22 [control.go:220] [I] Start to send heartbeat to frps
2020/07/30 14:28:09 [main.go:109] [I] Start frpc success
2020/07/30 14:28:11 [control.go:202] [E] ProxyName [TCP_mode], start proxy error, ProxyName [TCP_mode], remote_port [9000] isn't allowed
2020/07/30 14:28:11 [control.go:39] [E] ProxyName [TCP_mode], connect to server failed!
2020/07/30 14:28:11 [control.go:206] [I] ProxyName [HTTP_mode], connect to server [frp.lu8.win:7000] success!
2020/07/30 14:28:11 [control.go:220] [I] Start to send heartbeat to frps
2020/07/30 14:29:02 [control.go:66] [E] ProxyName [HTTP_mode], heartbeatRes from frps timeout
2020/07/30 14:29:02 [control.go:76] [W] ProxyName [HTTP_mode], frps close this control conn!
2020/07/30 14:29:02 [control.go:81] [I] ProxyName [HTTP_mode], try to reconnect to frps [frp.lu8.win:7000]...
2020/07/30 14:29:03 [control.go:206] [I] ProxyName [HTTP_mode], connect to server [frp.lu8.win:7000] success!
2020/07/30 14:29:03 [control.go:220] [I] Start to send heartbeat to frps
2020/07/30 14:29:11 [control.go:230] [I] Heartbeat goroutine exit
